app/manifest-merger-release-report.txt
-- Merging decision tree log ---
manifest
ADDED from AndroidManifest.xml:2:1
	xmlns:android
		ADDED from AndroidManifest.xml:2:11
	package
		ADDED from AndroidManifest.xml:3:5
		INJECTED from AndroidManifest.xml:0:0
		INJECTED from AndroidManifest.xml:0:0
	android:versionName
		INJECTED from AndroidManifest.xml:0:0
		INJECTED from AndroidManifest.xml:0:0
	android:versionCode
		INJECTED from AndroidManifest.xml:0:0
		INJECTED from AndroidManifest.xml:0:0
uses-permission#android.permission.INTERNET
ADDED from AndroidManifest.xml:4:5
MERGED from com.mixpanel.android:mixpanel-android:4.5.3:17:5
MERGED from com.crashlytics.sdk.android:crashlytics:2.2.1:9:5
	android:name
		ADDED from AndroidManifest.xml:4:22
uses-permission#android.permission.ACCESS_FINE_LOCATION
ADDED from AndroidManifest.xml:5:5
	android:name
		ADDED from AndroidManifest.xml:5:22
uses-permission#android.permission.ACCESS_COARSE_LOCATION
ADDED from AndroidManifest.xml:6:5
	android:name
		ADDED from AndroidManifest.xml:6:22
uses-permission#android.permission.ACCESS_NETWORK_STATE
ADDED from AndroidManifest.xml:7:5
	android:name
		ADDED from AndroidManifest.xml:7:22
compatible-screens
ADDED from AndroidManifest.xml:8:5
screen#small+ldpi
ADDED from AndroidManifest.xml:9:9
	android:screenSize
		ADDED from AndroidManifest.xml:9:17
	android:screenDensity
		ADDED from AndroidManifest.xml:9:44
screen#small+mdpi
ADDED from AndroidManifest.xml:10:9
	android:screenSize
		ADDED from AndroidManifest.xml:10:17
	android:screenDensity
		ADDED from AndroidManifest.xml:10:44
screen#small+hdpi
ADDED from AndroidManifest.xml:11:9
	android:screenSize
		ADDED from AndroidManifest.xml:11:17
	android:screenDensity
		ADDED from AndroidManifest.xml:11:44
screen#small+xhdpi
ADDED from AndroidManifest.xml:12:9
	android:screenSize
		ADDED from AndroidManifest.xml:12:17
	android:screenDensity
		ADDED from AndroidManifest.xml:12:44
screen#small+480
ADDED from AndroidManifest.xml:13:9
	android:screenSize
		ADDED from AndroidManifest.xml:13:17
	android:screenDensity
		ADDED from AndroidManifest.xml:13:44
screen#normal+ldpi
ADDED from AndroidManifest.xml:15:9
	android:screenSize
		ADDED from AndroidManifest.xml:15:17
	android:screenDensity
		ADDED from AndroidManifest.xml:15:45
screen#normal+mdpi
ADDED from AndroidManifest.xml:16:9
	android:screenSize
		ADDED from AndroidManifest.xml:16:17
	android:screenDensity
		ADDED from AndroidManifest.xml:16:45
screen#normal+hdpi
ADDED from AndroidManifest.xml:17:9
	android:screenSize
		ADDED from AndroidManifest.xml:17:17
	android:screenDensity
		ADDED from AndroidManifest.xml:17:45
screen#normal+xhdpi
ADDED from AndroidManifest.xml:18:9
	android:screenSize
		ADDED from AndroidManifest.xml:18:17
	android:screenDensity
		ADDED from AndroidManifest.xml:18:45
screen#normal+480
ADDED from AndroidManifest.xml:19:9
	android:screenSize
		ADDED from AndroidManifest.xml:19:17
	android:screenDensity
		ADDED from AndroidManifest.xml:19:45
application
ADDED from AndroidManifest.xml:21:5
MERGED from com.android.support:recyclerview-v7:22.0.0:22:5
MERGED from com.android.support:support-v4:22.0.0:22:5
MERGED from com.android.support:cardview-v7:22.0.0:22:5
MERGED from com.android.support:appcompat-v7:22.0.0:22:5
MERGED from com.android.support:support-v4:22.0.0:22:5
MERGED from com.android.support:support-v4:22.0.0:22:5
MERGED from com.google.android.gms:play-services:6.5.87:20:5
MERGED from com.android.support:support-v4:22.0.0:22:5
MERGED from com.android.support:recyclerview-v7:22.0.0:22:5
MERGED from com.android.support:support-v4:22.0.0:22:5
MERGED from com.mixpanel.android:mixpanel-android:4.5.3:44:5
MERGED from com.crashlytics.sdk.android:crashlytics:2.2.1:11:5
MERGED from com.crashlytics.sdk.android:answers:1.1.1:9:5
MERGED from io.fabric.sdk.android:fabric:1.1.1:9:5
MERGED from io.fabric.sdk.android:fabric:1.1.1:9:5
MERGED from com.crashlytics.sdk.android:beta:1.1.1:9:5
MERGED from io.fabric.sdk.android:fabric:1.1.1:9:5
	android:label
		ADDED from AndroidManifest.xml:25:9
	android:allowBackup
		ADDED from AndroidManifest.xml:23:9
	android:icon
		ADDED from AndroidManifest.xml:24:9
	android:theme
		ADDED from AndroidManifest.xml:26:9
	android:name
		ADDED from AndroidManifest.xml:22:9
	tools:ignore
		ADDED from com.mixpanel.android:mixpanel-android:4.5.3:44:18
meta-data#com.crashlytics.ApiKey
ADDED from AndroidManifest.xml:27:9
	android:name
		ADDED from AndroidManifest.xml:27:20
	android:value
		ADDED from AndroidManifest.xml:27:58
meta-data#com.google.android.gms.version
ADDED from AndroidManifest.xml:28:9
MERGED from com.google.android.gms:play-services:6.5.87:21:9
	android:name
		ADDED from AndroidManifest.xml:28:20
	android:value
		ADDED from AndroidManifest.xml:29:13
activity#com.truman.showtime.showtime.ui.activity.MainActivity
ADDED from AndroidManifest.xml:30:9
	android:screenOrientation
		ADDED from AndroidManifest.xml:33:13
	android:label
		ADDED from AndroidManifest.xml:32:13
	android:name
		ADDED from AndroidManifest.xml:31:13
intent-filter#android.intent.action.MAIN+android.intent.category.LAUNCHER
ADDED from AndroidManifest.xml:34:13
action#android.intent.action.MAIN
ADDED from AndroidManifest.xml:35:17
	android:name
		ADDED from AndroidManifest.xml:35:25
category#android.intent.category.LAUNCHER
ADDED from AndroidManifest.xml:36:17
	android:name
		ADDED from AndroidManifest.xml:36:27
activity#com.truman.showtime.showtime.ui.activity.DetailActivity
ADDED from AndroidManifest.xml:44:9
	android:screenOrientation
		ADDED from AndroidManifest.xml:47:13
	android:parentActivityName
		ADDED from AndroidManifest.xml:46:13
	android:name
		ADDED from AndroidManifest.xml:45:13
meta-data#android.support.PARENT_ACTIVITY
ADDED from AndroidManifest.xml:49:13
	android:name
		ADDED from AndroidManifest.xml:50:17
	android:value
		ADDED from AndroidManifest.xml:51:17
activity#com.mixpanel.android.surveys.SurveyActivity
ADDED from AndroidManifest.xml:53:9
	android:name
		ADDED from AndroidManifest.xml:53:19
receiver#com.mixpanel.android.mpmetrics.InstallReferrerReceiver
ADDED from AndroidManifest.xml:54:9
	android:exported
		ADDED from AndroidManifest.xml:56:13
	android:name
		ADDED from AndroidManifest.xml:55:13
intent-filter#com.android.vending.INSTALL_REFERRER
ADDED from AndroidManifest.xml:57:13
action#com.android.vending.INSTALL_REFERRER
ADDED from AndroidManifest.xml:58:17
	android:name
		ADDED from AndroidManifest.xml:59:21
uses-sdk
INJECTED from AndroidManifest.xml:0:0 reason: use-sdk injection requested
MERGED from com.android.support:recyclerview-v7:22.0.0:20:5
MERGED from com.android.support:support-v4:22.0.0:20:5
MERGED from com.android.support:cardview-v7:22.0.0:20:5
MERGED from com.android.support:appcompat-v7:22.0.0:20:5
MERGED from com.android.support:support-v4:22.0.0:20:5
MERGED from com.android.support:support-v4:22.0.0:20:5
MERGED from com.google.android.gms:play-services:6.5.87:18:5
MERGED from com.android.support:support-v4:22.0.0:20:5
MERGED from com.github.ksoichiro:android-observablescrollview:1.5.0:21:5
MERGED from com.android.support:recyclerview-v7:22.0.0:20:5
MERGED from com.android.support:support-v4:22.0.0:20:5
MERGED from com.mixpanel.android:mixpanel-android:4.5.3:11:5
MERGED from com.crashlytics.sdk.android:crashlytics:2.2.1:7:5
MERGED from com.crashlytics.sdk.android:answers:1.1.1:7:5
MERGED from io.fabric.sdk.android:fabric:1.1.1:7:5
MERGED from io.fabric.sdk.android:fabric:1.1.1:7:5
MERGED from com.crashlytics.sdk.android:beta:1.1.1:7:5
MERGED from io.fabric.sdk.android:fabric:1.1.1:7:5
	android:targetSdkVersion
		INJECTED from AndroidManifest.xml:0:0
		INJECTED from AndroidManifest.xml:0:0
	android:minSdkVersion
		INJECTED from AndroidManifest.xml:0:0
		INJECTED from AndroidManifest.xml:0:0
	tools:ignore
		ADDED from com.mixpanel.android:mixpanel-android:4.5.3:14:9
activity#android.support.v7.widget.TestActivity
ADDED from com.android.support:recyclerview-v7:22.0.0:23:9
MERGED from com.android.support:recyclerview-v7:22.0.0:23:9
	android:label
		ADDED from com.android.support:recyclerview-v7:22.0.0:25:13
	android:name
		ADDED from com.android.support:recyclerview-v7:22.0.0:24:13